TN:
SF:src/components/CartSummary.tsx
FN:7,CartSummary
FN:8,(anonymous_2)
FN:12,(anonymous_3)
FN:17,(anonymous_4)
FN:21,handleClear
FNF:5
FNH:5
FNDA:2,CartSummary
FNDA:4,(anonymous_2)
FNDA:2,(anonymous_3)
FNDA:2,(anonymous_4)
FNDA:1,handleClear
DA:1,1
DA:3,1
DA:4,1
DA:7,1
DA:8,4
DA:9,2
DA:11,2
DA:12,2
DA:16,2
DA:17,2
DA:21,2
DA:22,1
DA:23,1
DA:26,2
LF:14
LH:14
BRF:0
BRH:0
end_of_record
TN:
SF:src/components/ErrorBoundary.tsx
FN:12,(anonymous_20)
FN:16,ErrorBoundary
FN:25,componentDidCatch
FN:29,render
FN:21,getDerivedStateFromError
FNF:5
FNH:0
FNDA:0,(anonymous_20)
FNDA:0,ErrorBoundary
FNDA:0,componentDidCatch
FNDA:0,render
FNDA:0,getDerivedStateFromError
DA:1,0
DA:12,0
DA:16,0
DA:17,0
DA:18,0
DA:19,0
DA:22,0
DA:26,0
DA:30,0
DA:31,0
DA:41,0
LF:11
LH:0
BRDA:30,0,0,0
BRDA:32,1,0,0
BRDA:32,1,1,0
BRF:3
BRH:0
end_of_record
TN:
SF:src/components/Pagination.tsx
FN:8,Pagination
FN:12,generateLinkProps
FNF:2
FNH:2
FNDA:4,Pagination
FNDA:16,generateLinkProps
DA:1,1
DA:8,1
DA:9,4
DA:10,4
DA:12,4
DA:15,16
DA:16,16
DA:26,4
LF:8
LH:8
BRDA:15,0,0,16
BRDA:15,0,1,15
BRDA:15,0,2,14
BRDA:17,1,0,4
BRDA:17,1,1,12
BRDA:19,2,0,4
BRDA:19,2,1,12
BRF:7
BRH:7
end_of_record
TN:
SF:src/components/ProductCard.tsx
FN:12,ProductCard
FN:13,(anonymous_2)
FN:18,increment
FN:23,decrement
FN:33,handleRemove
FN:38,handleAdd
FNF:6
FNH:4
FNDA:7,ProductCard
FNDA:14,(anonymous_2)
FNDA:1,increment
FNDA:0,decrement
FNDA:0,handleRemove
FNDA:1,handleAdd
DA:1,2
DA:2,2
DA:4,2
DA:5,2
DA:12,7
DA:13,14
DA:14,7
DA:16,7
DA:18,7
DA:19,1
DA:20,1
DA:23,7
DA:24,0
DA:25,0
DA:26,0
DA:28,0
DA:29,0
DA:33,7
DA:34,0
DA:35,0
DA:38,7
DA:39,1
DA:40,1
DA:43,7
LF:24
LH:17
BRDA:16,0,0,7
BRDA:16,0,1,5
BRDA:16,1,0,5
BRDA:16,1,1,2
BRDA:16,2,0,7
BRDA:16,2,1,7
BRDA:24,3,0,0
BRDA:24,3,1,0
BRDA:48,4,0,5
BRDA:48,4,1,2
BRF:10
BRH:8
end_of_record
TN:
SF:src/components/ProductList.tsx
FN:8,ProductList
FN:11,(anonymous_2)
FNF:2
FNH:2
FNDA:1,ProductList
FNDA:3,(anonymous_2)
DA:1,1
DA:8,1
DA:9,1
DA:11,3
LF:4
LH:4
BRF:0
BRH:0
end_of_record
TN:
SF:src/pages/_app.tsx
FN:10,MyApp
FN:13,(anonymous_14)
FN:15,(anonymous_15)
FN:22,(anonymous_16)
FNF:4
FNH:0
FNDA:0,MyApp
FNDA:0,(anonymous_14)
FNDA:0,(anonymous_15)
FNDA:0,(anonymous_16)
DA:2,0
DA:3,0
DA:4,0
DA:5,0
DA:6,0
DA:7,0
DA:8,0
DA:10,0
DA:11,0
DA:12,0
DA:13,0
DA:15,0
DA:16,0
DA:17,0
DA:18,0
DA:22,0
DA:23,0
DA:26,0
DA:36,0
LF:19
LH:0
BRDA:17,0,0,0
BRF:1
BRH:0
end_of_record
TN:
SF:src/pages/index.tsx
FN:15,Home
FN:51,getServerSideProps
FN:51,_callee
FNF:3
FNH:0
FNDA:0,Home
FNDA:0,getServerSideProps
FNDA:0,_callee
DA:2,0
DA:3,0
DA:4,0
DA:5,0
DA:15,0
DA:16,0
DA:51,0
DA:52,0
DA:53,0
DA:56,0
DA:57,0
DA:65,0
DA:67,0
DA:74,0
LF:14
LH:0
BRDA:51,0,0,0
BRDA:51,0,1,0
BRDA:51,0,2,0
BRDA:51,0,3,0
BRDA:51,0,4,0
BRDA:51,0,5,0
BRDA:52,1,0,0
BRDA:52,1,1,0
BRF:8
BRH:0
end_of_record
TN:
SF:src/store/cartSlice.ts
FN:11,addToCart
FN:22,updateQuantity
FN:34,removeFromCart
FN:37,clearCart
FN:40,setCart
FNF:5
FNH:0
FNDA:0,addToCart
FNDA:0,updateQuantity
FNDA:0,removeFromCart
FNDA:0,clearCart
FNDA:0,setCart
DA:1,3
DA:5,3
DA:7,3
DA:12,0
DA:13,0
DA:14,0
DA:16,0
DA:26,0
DA:27,0
DA:28,0
DA:29,0
DA:30,0
DA:35,0
DA:38,0
DA:41,0
DA:46,3
DA:54,3
LF:17
LH:5
BRDA:13,0,0,0
BRDA:13,0,1,0
BRDA:27,1,0,0
BRDA:29,2,0,0
BRF:4
BRH:0
end_of_record
TN:
SF:src/store/store.ts
FN:7,makeStore
FNF:1
FNH:0
FNDA:0,makeStore
DA:2,0
DA:3,0
DA:4,0
DA:7,0
DA:15,0
LF:5
LH:0
BRF:0
BRH:0
end_of_record
